  Color.cpp
  Component.cpp
C:\Users\CAUPD-BJ141\Downloads\SketchUpNET-master\SketchUpNET-master\SketchUpNET\Edge.cpp(102,22): warning C4018: “<”: 有符号/无符号不匹配
C:\Users\CAUPD-BJ141\Downloads\SketchUpNET-master\SketchUpNET-master\SketchUpNET\Surface.cpp(148,22): warning C4018: “<”: 有符号/无符号不匹配
C:\Users\CAUPD-BJ141\Downloads\SketchUpNET-master\SketchUpNET-master\SketchUpNET\Curve.cpp(96,22): warning C4018: “<”: 有符号/无符号不匹配
C:\Users\CAUPD-BJ141\Downloads\SketchUpNET-master\SketchUpNET-master\SketchUpNET\Curve.cpp(108,22): warning C4018: “<”: 有符号/无符号不匹配
  Curve.cpp
C:\Users\CAUPD-BJ141\Downloads\SketchUpNET-master\SketchUpNET-master\SketchUpNET\Edge.cpp(102,22): warning C4018: “<”: 有符号/无符号不匹配
C:\Users\CAUPD-BJ141\Downloads\SketchUpNET-master\SketchUpNET-master\SketchUpNET\Curve.cpp(96,22): warning C4018: “<”: 有符号/无符号不匹配
C:\Users\CAUPD-BJ141\Downloads\SketchUpNET-master\SketchUpNET-master\SketchUpNET\Curve.cpp(108,22): warning C4018: “<”: 有符号/无符号不匹配
  Edge.cpp
C:\Users\CAUPD-BJ141\Downloads\SketchUpNET-master\SketchUpNET-master\SketchUpNET\Edge.cpp(102,22): warning C4018: “<”: 有符号/无符号不匹配
  Group.cpp
C:\Users\CAUPD-BJ141\Downloads\SketchUpNET-master\SketchUpNET-master\SketchUpNET\Edge.cpp(102,22): warning C4018: “<”: 有符号/无符号不匹配
C:\Users\CAUPD-BJ141\Downloads\SketchUpNET-master\SketchUpNET-master\SketchUpNET\Surface.cpp(148,22): warning C4018: “<”: 有符号/无符号不匹配
C:\Users\CAUPD-BJ141\Downloads\SketchUpNET-master\SketchUpNET-master\SketchUpNET\Curve.cpp(96,22): warning C4018: “<”: 有符号/无符号不匹配
C:\Users\CAUPD-BJ141\Downloads\SketchUpNET-master\SketchUpNET-master\SketchUpNET\Curve.cpp(108,22): warning C4018: “<”: 有符号/无符号不匹配
  Instance.cpp
  Layer.cpp
  Loop.cpp
C:\Users\CAUPD-BJ141\Downloads\SketchUpNET-master\SketchUpNET-master\SketchUpNET\Edge.cpp(102,22): warning C4018: “<”: 有符号/无符号不匹配
  Material.cpp
C:\Users\CAUPD-BJ141\Downloads\SketchUpNET-master\SketchUpNET-master\SketchUpNET\Edge.cpp(102,22): warning C4018: “<”: 有符号/无符号不匹配
  Mesh.cpp
C:\Users\CAUPD-BJ141\Downloads\SketchUpNET-master\SketchUpNET-master\SketchUpNET\Edge.cpp(102,22): warning C4018: “<”: 有符号/无符号不匹配
  MeshFace.cpp
  SketchUpNET.cpp
C:\Users\CAUPD-BJ141\Downloads\SketchUpNET-master\SketchUpNET-master\SketchUpNET\Edge.cpp(102,22): warning C4018: “<”: 有符号/无符号不匹配
C:\Users\CAUPD-BJ141\Downloads\SketchUpNET-master\SketchUpNET-master\SketchUpNET\Surface.cpp(148,22): warning C4018: “<”: 有符号/无符号不匹配
C:\Users\CAUPD-BJ141\Downloads\SketchUpNET-master\SketchUpNET-master\SketchUpNET\Curve.cpp(96,22): warning C4018: “<”: 有符号/无符号不匹配
C:\Users\CAUPD-BJ141\Downloads\SketchUpNET-master\SketchUpNET-master\SketchUpNET\Curve.cpp(108,22): warning C4018: “<”: 有符号/无符号不匹配
  Surface.cpp
C:\Users\CAUPD-BJ141\Downloads\SketchUpNET-master\SketchUpNET-master\SketchUpNET\Edge.cpp(102,22): warning C4018: “<”: 有符号/无符号不匹配
C:\Users\CAUPD-BJ141\Downloads\SketchUpNET-master\SketchUpNET-master\SketchUpNET\Surface.cpp(148,22): warning C4018: “<”: 有符号/无符号不匹配
  Texture.cpp
C:\Users\CAUPD-BJ141\Downloads\SketchUpNET-master\SketchUpNET-master\SketchUpNET\Edge.cpp(102,22): warning C4018: “<”: 有符号/无符号不匹配
  Transform.cpp
  Utilities.cpp
  Vector.cpp
  Vertex.cpp
  .NETFramework,Version=v4.0.AssemblyAttributes.cpp
  正在生成代码...
LINK : fatal error LNK1104: 无法打开文件“slapi.lib”
