c:\users\caupd-bj141\downloads\sketchupnet-master\sketchupnet-master\sketchupnet\debug\vc142.pdb
c:\users\caupd-bj141\downloads\sketchupnet-master\sketchupnet-master\sketchupnet\debug\.netframework,version=v4.0.assemblyattributes.obj
c:\users\caupd-bj141\downloads\sketchupnet-master\sketchupnet-master\sketchupnet\debug\vertex.obj
c:\users\caupd-bj141\downloads\sketchupnet-master\sketchupnet-master\sketchupnet\debug\vector.obj
c:\users\caupd-bj141\downloads\sketchupnet-master\sketchupnet-master\sketchupnet\debug\utilities.obj
c:\users\caupd-bj141\downloads\sketchupnet-master\sketchupnet-master\sketchupnet\debug\transform.obj
c:\users\caupd-bj141\downloads\sketchupnet-master\sketchupnet-master\sketchupnet\debug\texture.obj
c:\users\caupd-bj141\downloads\sketchupnet-master\sketchupnet-master\sketchupnet\debug\surface.obj
c:\users\caupd-bj141\downloads\sketchupnet-master\sketchupnet-master\sketchupnet\debug\sketchupnet.obj
c:\users\caupd-bj141\downloads\sketchupnet-master\sketchupnet-master\sketchupnet\debug\meshface.obj
c:\users\caupd-bj141\downloads\sketchupnet-master\sketchupnet-master\sketchupnet\debug\mesh.obj
c:\users\caupd-bj141\downloads\sketchupnet-master\sketchupnet-master\sketchupnet\debug\material.obj
c:\users\caupd-bj141\downloads\sketchupnet-master\sketchupnet-master\sketchupnet\debug\loop.obj
c:\users\caupd-bj141\downloads\sketchupnet-master\sketchupnet-master\sketchupnet\debug\layer.obj
c:\users\caupd-bj141\downloads\sketchupnet-master\sketchupnet-master\sketchupnet\debug\instance.obj
c:\users\caupd-bj141\downloads\sketchupnet-master\sketchupnet-master\sketchupnet\debug\group.obj
c:\users\caupd-bj141\downloads\sketchupnet-master\sketchupnet-master\sketchupnet\debug\edge.obj
c:\users\caupd-bj141\downloads\sketchupnet-master\sketchupnet-master\sketchupnet\debug\curve.obj
c:\users\caupd-bj141\downloads\sketchupnet-master\sketchupnet-master\sketchupnet\debug\component.obj
c:\users\caupd-bj141\downloads\sketchupnet-master\sketchupnet-master\sketchupnet\debug\color.obj
c:\users\caupd-bj141\downloads\sketchupnet-master\sketchupnet-master\sketchupnet\debug\sketchupnet.res
c:\users\caupd-bj141\downloads\sketchupnet-master\sketchupnet-master\sketchupnet\debug\sketchupnet.vcxprojassemblyreference.cache
e:\114_temp\008_代码集\002_extras\smallcharptool\debug\sketchupnet.dll
c:\users\caupd-bj141\downloads\sketchupnet-master\sketchupnet-master\sketchupnet\debug\sketchupnet.tlog\cl.command.1.tlog
c:\users\caupd-bj141\downloads\sketchupnet-master\sketchupnet-master\sketchupnet\debug\sketchupnet.tlog\cl.read.1.tlog
c:\users\caupd-bj141\downloads\sketchupnet-master\sketchupnet-master\sketchupnet\debug\sketchupnet.tlog\cl.write.1.tlog
c:\users\caupd-bj141\downloads\sketchupnet-master\sketchupnet-master\sketchupnet\debug\sketchupnet.tlog\link.command.1.tlog
c:\users\caupd-bj141\downloads\sketchupnet-master\sketchupnet-master\sketchupnet\debug\sketchupnet.tlog\link.read.1.tlog
c:\users\caupd-bj141\downloads\sketchupnet-master\sketchupnet-master\sketchupnet\debug\sketchupnet.tlog\link.write.1.tlog
c:\users\caupd-bj141\downloads\sketchupnet-master\sketchupnet-master\sketchupnet\debug\sketchupnet.tlog\metagen.read.1.tlog
c:\users\caupd-bj141\downloads\sketchupnet-master\sketchupnet-master\sketchupnet\debug\sketchupnet.tlog\metagen.write.1.tlog
c:\users\caupd-bj141\downloads\sketchupnet-master\sketchupnet-master\sketchupnet\debug\sketchupnet.tlog\rc.command.1.tlog
c:\users\caupd-bj141\downloads\sketchupnet-master\sketchupnet-master\sketchupnet\debug\sketchupnet.tlog\rc.read.1.tlog
c:\users\caupd-bj141\downloads\sketchupnet-master\sketchupnet-master\sketchupnet\debug\sketchupnet.tlog\rc.write.1.tlog
