  Color.cpp
  Component.cpp
C:\Users\CAUPD-BJ141\Downloads\SketchUpNET-master\SketchUpNET-master\SketchUpNET\Utilities.cpp(65,1): warning C4267: “参数”: 从“size_t”转换到“int”，可能丢失数据
C:\Users\CAUPD-BJ141\Downloads\SketchUpNET-master\SketchUpNET-master\SketchUpNET\Mesh.cpp(119,1): warning C4267: “参数”: 从“size_t”转换到“int”，可能丢失数据
C:\Users\CAUPD-BJ141\Downloads\SketchUpNET-master\SketchUpNET-master\SketchUpNET\Texture.cpp(111,1): warning C4267: “参数”: 从“size_t”转换到“int”，可能丢失数据
  Curve.cpp
C:\Users\CAUPD-BJ141\Downloads\SketchUpNET-master\SketchUpNET-master\SketchUpNET\Utilities.cpp(65,1): warning C4267: “参数”: 从“size_t”转换到“int”，可能丢失数据
  Edge.cpp
C:\Users\CAUPD-BJ141\Downloads\SketchUpNET-master\SketchUpNET-master\SketchUpNET\Utilities.cpp(65,1): warning C4267: “参数”: 从“size_t”转换到“int”，可能丢失数据
  Group.cpp
C:\Users\CAUPD-BJ141\Downloads\SketchUpNET-master\SketchUpNET-master\SketchUpNET\Utilities.cpp(65,1): warning C4267: “参数”: 从“size_t”转换到“int”，可能丢失数据
C:\Users\CAUPD-BJ141\Downloads\SketchUpNET-master\SketchUpNET-master\SketchUpNET\Mesh.cpp(119,1): warning C4267: “参数”: 从“size_t”转换到“int”，可能丢失数据
C:\Users\CAUPD-BJ141\Downloads\SketchUpNET-master\SketchUpNET-master\SketchUpNET\Texture.cpp(111,1): warning C4267: “参数”: 从“size_t”转换到“int”，可能丢失数据
  Instance.cpp
C:\Users\CAUPD-BJ141\Downloads\SketchUpNET-master\SketchUpNET-master\SketchUpNET\Utilities.cpp(65,1): warning C4267: “参数”: 从“size_t”转换到“int”，可能丢失数据
  Layer.cpp
C:\Users\CAUPD-BJ141\Downloads\SketchUpNET-master\SketchUpNET-master\SketchUpNET\Utilities.cpp(65,1): warning C4267: “参数”: 从“size_t”转换到“int”，可能丢失数据
  Loop.cpp
C:\Users\CAUPD-BJ141\Downloads\SketchUpNET-master\SketchUpNET-master\SketchUpNET\Utilities.cpp(65,1): warning C4267: “参数”: 从“size_t”转换到“int”，可能丢失数据
  Material.cpp
C:\Users\CAUPD-BJ141\Downloads\SketchUpNET-master\SketchUpNET-master\SketchUpNET\Utilities.cpp(65,1): warning C4267: “参数”: 从“size_t”转换到“int”，可能丢失数据
C:\Users\CAUPD-BJ141\Downloads\SketchUpNET-master\SketchUpNET-master\SketchUpNET\Texture.cpp(111,1): warning C4267: “参数”: 从“size_t”转换到“int”，可能丢失数据
  Mesh.cpp
C:\Users\CAUPD-BJ141\Downloads\SketchUpNET-master\SketchUpNET-master\SketchUpNET\Utilities.cpp(65,1): warning C4267: “参数”: 从“size_t”转换到“int”，可能丢失数据
C:\Users\CAUPD-BJ141\Downloads\SketchUpNET-master\SketchUpNET-master\SketchUpNET\Mesh.cpp(119,1): warning C4267: “参数”: 从“size_t”转换到“int”，可能丢失数据
  MeshFace.cpp
  SketchUpNET.cpp
C:\Users\CAUPD-BJ141\Downloads\SketchUpNET-master\SketchUpNET-master\SketchUpNET\Utilities.cpp(65,1): warning C4267: “参数”: 从“size_t”转换到“int”，可能丢失数据
C:\Users\CAUPD-BJ141\Downloads\SketchUpNET-master\SketchUpNET-master\SketchUpNET\Mesh.cpp(119,1): warning C4267: “参数”: 从“size_t”转换到“int”，可能丢失数据
C:\Users\CAUPD-BJ141\Downloads\SketchUpNET-master\SketchUpNET-master\SketchUpNET\Texture.cpp(111,1): warning C4267: “参数”: 从“size_t”转换到“int”，可能丢失数据
  Surface.cpp
C:\Users\CAUPD-BJ141\Downloads\SketchUpNET-master\SketchUpNET-master\SketchUpNET\Utilities.cpp(65,1): warning C4267: “参数”: 从“size_t”转换到“int”，可能丢失数据
C:\Users\CAUPD-BJ141\Downloads\SketchUpNET-master\SketchUpNET-master\SketchUpNET\Mesh.cpp(119,1): warning C4267: “参数”: 从“size_t”转换到“int”，可能丢失数据
C:\Users\CAUPD-BJ141\Downloads\SketchUpNET-master\SketchUpNET-master\SketchUpNET\Texture.cpp(111,1): warning C4267: “参数”: 从“size_t”转换到“int”，可能丢失数据
  Texture.cpp
C:\Users\CAUPD-BJ141\Downloads\SketchUpNET-master\SketchUpNET-master\SketchUpNET\Utilities.cpp(65,1): warning C4267: “参数”: 从“size_t”转换到“int”，可能丢失数据
C:\Users\CAUPD-BJ141\Downloads\SketchUpNET-master\SketchUpNET-master\SketchUpNET\Texture.cpp(111,1): warning C4267: “参数”: 从“size_t”转换到“int”，可能丢失数据
  Transform.cpp
  Utilities.cpp
C:\Users\CAUPD-BJ141\Downloads\SketchUpNET-master\SketchUpNET-master\SketchUpNET\Utilities.cpp(65,1): warning C4267: “参数”: 从“size_t”转换到“int”，可能丢失数据
  Vector.cpp
  Vertex.cpp
  .NETFramework,Version=v4.0.AssemblyAttributes.cpp
  正在生成代码...
  LINK : 已指定 /LTCG，但不需要生成代码；从链接命令行中移除 /LTCG 以提高链接器性能
  SketchUpNET.vcxproj -> C:\Users\CAUPD-BJ141\Downloads\SketchUpNET-master\SketchUpNET-master\x64\Release\SketchUpNET.dll
